0 info it worked if it ends with ok
1 verbose cli [ '/usr/local/bin/node', '/usr/local/bin/npm', 'start' ]
2 info using npm@3.8.3
3 info using node@v5.10.1
4 verbose run-script [ 'prestart', 'start', 'poststart' ]
5 info lifecycle eddystone-beacon@1.0.6~prestart: eddystone-beacon@1.0.6
6 silly lifecycle eddystone-beacon@1.0.6~prestart: no script for prestart, continuing
7 info lifecycle eddystone-beacon@1.0.6~start: eddystone-beacon@1.0.6
8 verbose lifecycle eddystone-beacon@1.0.6~start: unsafe-perm in lifecycle true
9 verbose lifecycle eddystone-beacon@1.0.6~start: PATH: /usr/local/lib/node_modules/npm/bin/node-gyp-bin:/home/kevin/Perso/node-eddystone-beacon/node_modules/.bin:/usr/local/bin:/home/kevin/.rvm/gems/ruby-2.1.2/bin:/home/kevin/.rvm/gems/ruby-2.1.2@global/bin:/home/kevin/.rvm/rubies/ruby-2.1.2/bin:/usr/local/sbin:/usr/local/bin:/usr/sbin:/usr/bin:/sbin:/bin:/usr/games:/usr/local/games:/home/kevin/.rvm/bin:/home/kevin/.phpStorm/bin:/home/kevin/.franz:/home/kevin/.rvm/bin
10 verbose lifecycle eddystone-beacon@1.0.6~start: CWD: /home/kevin/Perso/node-eddystone-beacon
11 silly lifecycle eddystone-beacon@1.0.6~start: Args: [ '-c', 'node index.js' ]
12 silly lifecycle eddystone-beacon@1.0.6~start: Returned: code: 1  signal: null
13 info lifecycle eddystone-beacon@1.0.6~start: Failed to exec start script
14 verbose stack Error: eddystone-beacon@1.0.6 start: `node index.js`
14 verbose stack Exit status 1
14 verbose stack     at EventEmitter.<anonymous> (/usr/local/lib/node_modules/npm/lib/utils/lifecycle.js:239:16)
14 verbose stack     at emitTwo (events.js:100:13)
14 verbose stack     at EventEmitter.emit (events.js:185:7)
14 verbose stack     at ChildProcess.<anonymous> (/usr/local/lib/node_modules/npm/lib/utils/spawn.js:24:14)
14 verbose stack     at emitTwo (events.js:100:13)
14 verbose stack     at ChildProcess.emit (events.js:185:7)
14 verbose stack     at maybeClose (internal/child_process.js:850:16)
14 verbose stack     at Process.ChildProcess._handle.onexit (internal/child_process.js:215:5)
15 verbose pkgid eddystone-beacon@1.0.6
16 verbose cwd /home/kevin/Perso/node-eddystone-beacon
17 error Linux 4.2.0-36-generic
18 error argv "/usr/local/bin/node" "/usr/local/bin/npm" "start"
19 error node v5.10.1
20 error npm  v3.8.3
21 error code ELIFECYCLE
22 error eddystone-beacon@1.0.6 start: `node index.js`
22 error Exit status 1
23 error Failed at the eddystone-beacon@1.0.6 start script 'node index.js'.
23 error Make sure you have the latest version of node.js and npm installed.
23 error If you do, this is most likely a problem with the eddystone-beacon package,
23 error not with npm itself.
23 error Tell the author that this fails on your system:
23 error     node index.js
23 error You can get information on how to open an issue for this project with:
23 error     npm bugs eddystone-beacon
23 error Or if that isn't available, you can get their info via:
23 error     npm owner ls eddystone-beacon
23 error There is likely additional logging output above.
24 verbose exit [ 1, true ]
